yarn run v1.22.19
$ NODE_OPTIONS=--openssl-legacy-provider node scripts/start.js
[34mℹ[39m [90m｢wds｣[39m: Project is running at http://192.168.1.105/
[34mℹ[39m [90m｢wds｣[39m: webpack output is served from 
[34mℹ[39m [90m｢wds｣[39m: Content not from webpack is served from /Users/iceraven/Projects/commercial/study/ELP-AgoraChat/public
[34mℹ[39m [90m｢wds｣[39m: 404s will fallback to /
Starting the development server...

Compiled with warnings.

./src/index.css (./node_modules/css-loader/dist/cjs.js??ref--5-oneOf-4-1!./node_modules/postcss-loader/src??postcss!./src/index.css)
Warning

Greetings, time traveller. We are in the golden age of prefix-less CSS, where Autoprefixer is no longer needed for your stylesheet.

./src/App.css (./node_modules/css-loader/dist/cjs.js??ref--5-oneOf-4-1!./node_modules/postcss-loader/src??postcss!./src/App.css)
Warning

Greetings, time traveller. We are in the golden age of prefix-less CSS, where Autoprefixer is no longer needed for your stylesheet.

./src/layout/login.css (./node_modules/css-loader/dist/cjs.js??ref--5-oneOf-4-1!./node_modules/postcss-loader/src??postcss!./src/layout/login.css)
Warning

Greetings, time traveller. We are in the golden age of prefix-less CSS, where Autoprefixer is no longer needed for your stylesheet.

./src/components/thread/components/member.css (./node_modules/css-loader/dist/cjs.js??ref--5-oneOf-4-1!./node_modules/postcss-loader/src??postcss!./src/components/thread/components/member.css)
Warning

Greetings, time traveller. We are in the golden age of prefix-less CSS, where Autoprefixer is no longer needed for your stylesheet.

./src/components/appbar/index.css (./node_modules/css-loader/dist/cjs.js??ref--5-oneOf-4-1!./node_modules/postcss-loader/src??postcss!./src/components/appbar/index.css)
Warning

Greetings, time traveller. We are in the golden age of prefix-less CSS, where Autoprefixer is no longer needed for your stylesheet.

./node_modules/agora-chat-uikit/es/common/iconfont.css (./node_modules/css-loader/dist/cjs.js??ref--5-oneOf-4-1!./node_modules/postcss-loader/src??postcss!./node_modules/agora-chat-uikit/es/common/iconfont.css)
Warning

Greetings, time traveller. We are in the golden age of prefix-less CSS, where Autoprefixer is no longer needed for your stylesheet.

./node_modules/chat-callkit/es/layout/index.css (./node_modules/css-loader/dist/cjs.js??ref--5-oneOf-4-1!./node_modules/postcss-loader/src??postcss!./node_modules/chat-callkit/es/layout/index.css)
Warning

Greetings, time traveller. We are in the golden age of prefix-less CSS, where Autoprefixer is no longer needed for your stylesheet.

./node_modules/chat-callkit/es/modules/miniWindow/index.css (./node_modules/css-loader/dist/cjs.js??ref--5-oneOf-4-1!./node_modules/postcss-loader/src??postcss!./node_modules/chat-callkit/es/modules/miniWindow/index.css)
Warning

Greetings, time traveller. We are in the golden age of prefix-less CSS, where Autoprefixer is no longer needed for your stylesheet.

./node_modules/chat-callkit/es/layout/main/index.css (./node_modules/css-loader/dist/cjs.js??ref--5-oneOf-4-1!./node_modules/postcss-loader/src??postcss!./node_modules/chat-callkit/es/layout/main/index.css)
Warning

Greetings, time traveller. We are in the golden age of prefix-less CSS, where Autoprefixer is no longer needed for your stylesheet.

./node_modules/chat-callkit/es/layout/header/index.css (./node_modules/css-loader/dist/cjs.js??ref--5-oneOf-4-1!./node_modules/postcss-loader/src??postcss!./node_modules/chat-callkit/es/layout/header/index.css)
Warning

Greetings, time traveller. We are in the golden age of prefix-less CSS, where Autoprefixer is no longer needed for your stylesheet.

./node_modules/chat-callkit/es/modules/singleCall/index.css (./node_modules/css-loader/dist/cjs.js??ref--5-oneOf-4-1!./node_modules/postcss-loader/src??postcss!./node_modules/chat-callkit/es/modules/singleCall/index.css)
Warning

Greetings, time traveller. We are in the golden age of prefix-less CSS, where Autoprefixer is no longer needed for your stylesheet.

./node_modules/chat-callkit/es/modules/groupCall/index.css (./node_modules/css-loader/dist/cjs.js??ref--5-oneOf-4-1!./node_modules/postcss-loader/src??postcss!./node_modules/chat-callkit/es/modules/groupCall/index.css)
Warning

Greetings, time traveller. We are in the golden age of prefix-less CSS, where Autoprefixer is no longer needed for your stylesheet.

./node_modules/chat-callkit/es/components/Icon/index.css (./node_modules/css-loader/dist/cjs.js??ref--5-oneOf-4-1!./node_modules/postcss-loader/src??postcss!./node_modules/chat-callkit/es/components/Icon/index.css)
Warning

Greetings, time traveller. We are in the golden age of prefix-less CSS, where Autoprefixer is no longer needed for your stylesheet.

./node_modules/chat-callkit/es/components/avatar/index.css (./node_modules/css-loader/dist/cjs.js??ref--5-oneOf-4-1!./node_modules/postcss-loader/src??postcss!./node_modules/chat-callkit/es/components/avatar/index.css)
Warning

Greetings, time traveller. We are in the golden age of prefix-less CSS, where Autoprefixer is no longer needed for your stylesheet.

./node_modules/chat-callkit/es/components/button/index.css (./node_modules/css-loader/dist/cjs.js??ref--5-oneOf-4-1!./node_modules/postcss-loader/src??postcss!./node_modules/chat-callkit/es/components/button/index.css)
Warning

Greetings, time traveller. We are in the golden age of prefix-less CSS, where Autoprefixer is no longer needed for your stylesheet.

./node_modules/agora-chat-uikit/es/EaseChat/chat/messages/audioPlayer/audioPlayer.css (./node_modules/css-loader/dist/cjs.js??ref--5-oneOf-4-1!./node_modules/postcss-loader/src??postcss!./node_modules/agora-chat-uikit/es/EaseChat/chat/messages/audioPlayer/audioPlayer.css)
Warning

Greetings, time traveller. We are in the golden age of prefix-less CSS, where Autoprefixer is no longer needed for your stylesheet.

./node_modules/chat-callkit/es/style.css (./node_modules/css-loader/dist/cjs.js??ref--5-oneOf-4-1!./node_modules/postcss-loader/src??postcss!./node_modules/chat-callkit/es/style.css)
Warning

Greetings, time traveller. We are in the golden age of prefix-less CSS, where Autoprefixer is no longer needed for your stylesheet.

./node_modules/chat-callkit/es/assets/icon/iconfont.css (./node_modules/css-loader/dist/cjs.js??ref--5-oneOf-4-1!./node_modules/postcss-loader/src??postcss!./node_modules/chat-callkit/es/assets/icon/iconfont.css)
Warning

Greetings, time traveller. We are in the golden age of prefix-less CSS, where Autoprefixer is no longer needed for your stylesheet.

./node_modules/agora-chat-uikit/es/EaseChat/chat/index.css (./node_modules/css-loader/dist/cjs.js??ref--5-oneOf-4-1!./node_modules/postcss-loader/src??postcss!./node_modules/agora-chat-uikit/es/EaseChat/chat/index.css)
Warning

Greetings, time traveller. We are in the golden age of prefix-less CSS, where Autoprefixer is no longer needed for your stylesheet.

./node_modules/agora-chat-uikit/es/EaseChat/thread/threadList/index.css (./node_modules/css-loader/dist/cjs.js??ref--5-oneOf-4-1!./node_modules/postcss-loader/src??postcss!./node_modules/agora-chat-uikit/es/EaseChat/thread/threadList/index.css)
Warning

Greetings, time traveller. We are in the golden age of prefix-less CSS, where Autoprefixer is no longer needed for your stylesheet.

src/api/contactsChat/getContacts.js
  Line 9:10:  'EaseApp' is defined but never used  no-unused-vars

src/api/groupChat/inviteUsers.js
  Line 2:8:  'store' is defined but never used  no-unused-vars

src/api/loginChat/index.js
  Line 7:10:  'reject' is defined but never used  no-unused-vars

src/components/appbar/chatGroup/addedGroup/index.js
  Line 8:8:    'store' is defined but never used                                                                                                                                                                    no-unused-vars
  Line 9:10:   'searchAddedGroupAction' is defined but never used                                                                                                                                                   no-unused-vars
  Line 9:34:   'searchLoadAction' is defined but never used                                                                                                                                                         no-unused-vars
  Line 12:8:   'getGroups' is defined but never used                                                                                                                                                                no-unused-vars
  Line 89:11:  The 'groupList' logical expression could make the dependencies of useEffect Hook (at line 98) change on every render. To fix this, wrap the initialization of 'groupList' in its own useMemo() Hook  react-hooks/exhaustive-deps

src/components/appbar/chatGroup/groupSettings/addMembers/index.js
  Line 24:10:  'message' is defined but never used                                                                                                                                                                                                        no-unused-vars
  Line 32:8:   'CheckCircleOutlineRoundedIcon' is defined but never used                                                                                                                                                                                  no-unused-vars
  Line 130:8:  The 'members' logical expression could make the dependencies of useEffect Hook (at line 142) change on every render. Move it inside the useEffect callback. Alternatively, wrap the initialization of 'members' in its own useMemo() Hook  react-hooks/exhaustive-deps
  Line 136:5:  Array.prototype.map() expects a return value from arrow function                                                                                                                                                                           array-callback-return

src/components/appbar/chatGroup/groupSettings/index.js
  Line 1:27:    'useEffect' is defined but never used                     no-unused-vars
  Line 4:19:    'use' is defined but never used                           no-unused-vars
  Line 28:8:    'allowSearchIcon' is defined but never used               no-unused-vars
  Line 33:10:   'setTimeVSNowTime' is defined but never used              no-unused-vars
  Line 34:10:   'getSilentModeForConversation' is defined but never used  no-unused-vars
  Line 175:8:   'groupName' is assigned a value but never used            no-unused-vars
  Line 178:9:   'secondSure' is assigned a value but never used           no-unused-vars
  Line 178:21:  'setSecondSure' is assigned a value but never used        no-unused-vars
  Line 179:9:   'GroupStatus' is assigned a value but never used          no-unused-vars
  Line 179:22:  'setGroupStatus' is assigned a value but never used       no-unused-vars
  Line 180:9:   'groupContent' is assigned a value but never used         no-unused-vars
  Line 180:23:  'setgroupContent' is assigned a value but never used      no-unused-vars
  Line 257:9:   'groupFileLabel' is assigned a value but never used       no-unused-vars

src/components/appbar/chatGroup/groupSettings/info/index.js
  Line 183:5:  React Hook useEffect has missing dependencies: 'inputEl' and 'inputTextarea'. Either include them or remove the dependency array  react-hooks/exhaustive-deps

src/components/appbar/chatGroup/groupSettings/members/index.js
  Line 108:5:  React Hook useEffect has a missing dependency: 'groupMuteList'. Either include it or remove the dependency array  react-hooks/exhaustive-deps

src/components/appbar/chatGroup/groupSettings/members/membersList.js
  Line 154:6:  React Hook useEffect has a missing dependency: 'handlerMemers'. Either include it or remove the dependency array                     react-hooks/exhaustive-deps
  Line 167:6:  React Hook useEffect has missing dependencies: 'handlerMemers' and 'newMembers'. Either include them or remove the dependency array  react-hooks/exhaustive-deps

src/components/appbar/chatGroup/groupSettings/members/notifications.js
  Line 2:10:   'useSelector' is defined but never used                                                                                no-unused-vars
  Line 3:10:   'MenuItem' is defined but never used                                                                                   no-unused-vars
  Line 3:20:   'Select' is defined but never used                                                                                     no-unused-vars
  Line 6:39:   'computedItervalTime' is defined but never used                                                                        no-unused-vars
  Line 6:60:   'timeIntervalToMinutesOrHours' is defined but never used                                                               no-unused-vars
  Line 7:70:   'getSilentModeForConversations' is defined but never used                                                              no-unused-vars
  Line 328:6:  React Hook useEffect has a missing dependency: 'getNotDisturbGroup'. Either include it or remove the dependency array  react-hooks/exhaustive-deps

src/components/appbar/chatGroup/groupSettings/notice/index.js
  Line 6:8:   'store' is defined but never used          no-unused-vars
  Line 10:8:  'avatarDefault' is defined but never used  no-unused-vars

src/components/appbar/chatGroup/groupSettings/transfer/menu.js
  Line 7:2:   'transferOwner' is defined but never used     no-unused-vars
  Line 40:8:  'groupId' is assigned a value but never used  no-unused-vars

src/components/appbar/chatGroup/publicGroups/index.js
  Line 7:8:   'store' is defined but never used                    no-unused-vars
  Line 8:10:  'searchPublicGroupAction' is defined but never used  no-unused-vars
  Line 8:35:  'searchLoadAction' is defined but never used         no-unused-vars

src/components/appbar/contactList/index.js
  Line 23:8:    'customIcon' is defined but never used                                                                                                                 no-unused-vars
  Line 164:11:  'statusImgObj' is assigned a value but never used                                                                                                      no-unused-vars
  Line 175:8:   React Hook useEffect has a missing dependency: 'inputEl'. Either include it or remove the dependency array                                             react-hooks/exhaustive-deps
  Line 288:60:  Array.prototype.map() expects a return value from arrow function                                                                                       array-callback-return
  Line 299:8:   React Hook useEffect has missing dependencies: 'contactsData', 'getBrands', and 'getcontactsInfo'. Either include them or remove the dependency array  react-hooks/exhaustive-deps

src/components/appbar/index.jsx
  Line 47:12:  'groupAuthor' is assigned a value but never used                                                                                                                                                                                            no-unused-vars
  Line 55:9:   The 'requests' logical expression could make the dependencies of useEffect Hook (at line 67) change on every render. Move it inside the useEffect callback. Alternatively, wrap the initialization of 'requests' in its own useMemo() Hook  react-hooks/exhaustive-deps
  Line 93:8:   React Hook useEffect has a missing dependency: 'myUserInfo'. Either include it or remove the dependency array                                                                                                                               react-hooks/exhaustive-deps

src/components/appbar/presence/index.js
  Line 2:10:  'useDispatch' is defined but never used  no-unused-vars
  Line 4:27:  'Box' is defined but never used          no-unused-vars
  Line 5:8:   'Typography' is defined but never used   no-unused-vars

src/components/appbar/request/index.js
  Line 3:23:    'Button' is defined but never used                                                                                                                                                                  no-unused-vars
  Line 248:11:  The 'requests' logical expression could make the dependencies of useEffect Hook (at line 380) change on every render. To fix this, wrap the initialization of 'requests' in its own useMemo() Hook  react-hooks/exhaustive-deps
  Line 298:9:   Expected a default case                                                                                                                                                                             default-case
  Line 412:64:  Array.prototype.map() expects a value to be returned at the end of arrow function                                                                                                                   array-callback-return
  Line 430:60:  Array.prototype.map() expects a value to be returned at the end of arrow function                                                                                                                   array-callback-return

src/components/appbar/sessionInfo/index.js
  Line 4:49:   'Select' is defined but never used                                                                                no-unused-vars
  Line 9:39:   'computedItervalTime' is defined but never used                                                                   no-unused-vars
  Line 9:60:   'timeIntervalToMinutesOrHours' is defined but never used                                                          no-unused-vars
  Line 14:8:   'avatarImg' is defined but never used                                                                             no-unused-vars
  Line 438:5:  React Hook useEffect has a missing dependency: 'getNotDisturb'. Either include it or remove the dependency array  react-hooks/exhaustive-deps

src/components/appbar/settings/index.js
  Line 3:19:    'use' is defined but never used                                                                                                                                                                       no-unused-vars
  Line 4:26:    'TextField' is defined but never used                                                                                                                                                                 no-unused-vars
  Line 4:98:    'Select' is defined but never used                                                                                                                                                                    no-unused-vars
  Line 23:8:    'CheckIcon' is defined but never used                                                                                                                                                                 no-unused-vars
  Line 31:8:    'generalIcon' is defined but never used                                                                                                                                                               no-unused-vars
  Line 41:39:   'computedItervalTime' is defined but never used                                                                                                                                                       no-unused-vars
  Line 41:60:   'timeIntervalToMinutesOrHours' is defined but never used                                                                                                                                              no-unused-vars
  Line 42:52:   'getSilentModeForConversations' is defined but never used                                                                                                                                             no-unused-vars
  Line 42:83:   'setPushPerformLanguage' is defined but never used                                                                                                                                                    no-unused-vars
  Line 42:107:  'getPushPerformLanguage' is defined but never used                                                                                                                                                    no-unused-vars
  Line 568:12:  'notifyText' is assigned a value but never used                                                                                                                                                       no-unused-vars
  Line 575:12:  'selectDisabled' is assigned a value but never used                                                                                                                                                   no-unused-vars
  Line 578:11:  The 'blackList' logical expression could make the dependencies of useEffect Hook (at line 924) change on every render. To fix this, wrap the initialization of 'blackList' in its own useMemo() Hook  react-hooks/exhaustive-deps
  Line 602:9:   'maxLength' is assigned a value but never used                                                                                                                                                        no-unused-vars
  Line 629:11:  'handleEditBlur' is assigned a value but never used                                                                                                                                                   no-unused-vars
  Line 805:8:   React Hook useEffect has a missing dependency: 'getNotDisturb'. Either include it or remove the dependency array                                                                                      react-hooks/exhaustive-deps

src/components/common/secondConfirmDialog.js
  Line 1:17:  'useState' is defined but never used   no-unused-vars
  Line 1:27:  'useEffect' is defined but never used  no-unused-vars
  Line 4:19:  'use' is defined but never used        no-unused-vars

src/components/report/index.js
  Line 3:17:   'memo' is defined but never used       no-unused-vars
  Line 3:33:   'useEffect' is defined but never used  no-unused-vars
  Line 5:10:   'divide' is defined but never used     no-unused-vars
  Line 49:27:  Expected '===' and instead saw '=='    eqeqeq

src/components/thread/components/threadMembers.js
  Line 7:8:  'avatarImg' is defined but never used  no-unused-vars

src/layout/login.jsx
  Line 4:36:   'loginWithPassword' is defined but never used  no-unused-vars
  Line 9:25:   'setFetchingStatus' is defined but never used  no-unused-vars
  Line 10:10:  'message' is defined but never used            no-unused-vars
  Line 90:53:  Unnecessary escape character: \.               no-useless-escape
  Line 90:55:  Unnecessary escape character: \/               no-useless-escape

src/layout/main.jsx
  Line 6:26:    'loginWithPassword' is defined but never used        no-unused-vars
  Line 23:10:   'truncate' is defined but never used                 no-unused-vars
  Line 51:11:   'state' is assigned a value but never used           no-unused-vars
  Line 135:11:  'handleGetToken' is assigned a value but never used  no-unused-vars

src/layout/signup.jsx
  Line 4:10:   'getToken' is defined but never used                                                                                           no-unused-vars
  Line 4:20:   'loginWithToken' is defined but never used                                                                                     no-unused-vars
  Line 4:36:   'loginWithPassword' is defined but never used                                                                                  no-unused-vars
  Line 9:25:   'setFetchingStatus' is defined but never used                                                                                  no-unused-vars
  Line 10:10:  'message' is defined but never used                                                                                            no-unused-vars
  Line 59:30:  Expected '===' and instead saw '=='                                                                                            eqeqeq
  Line 76:8:   React Hook useCallback has missing dependencies: 'agoraId' and 'password'. Either include them or remove the dependency array  react-hooks/exhaustive-deps
  Line 94:53:  Unnecessary escape character: \.                                                                                               no-useless-escape
  Line 94:57:  Unnecessary escape character: \/                                                                                               no-useless-escape

src/utils/WebIMListen.js
  Line 8:89:    'setGlobalSilentMode' is defined but never used                                          no-unused-vars
  Line 14:10:   'notification' is defined but never used                                                 no-unused-vars
  Line 14:56:   'randomNumber' is defined but never used                                                 no-unused-vars
  Line 14:88:   'checkBrowerNotifyStatus' is defined but never used                                      no-unused-vars
  Line 21:13:   'chatType' is assigned a value but never used                                            no-unused-vars
  Line 22:36:   'muteDataObj' is assigned a value but never used                                         no-unused-vars
  Line 63:36:   Unnecessary escape character: \@                                                         no-useless-escape
  Line 70:28:   Unnecessary escape character: \@                                                         no-useless-escape
  Line 307:61:  Array.prototype.findIndex() expects a value to be returned at the end of arrow function  array-callback-return

src/utils/notification.js
  Line 3:10:    'EaseApp' is defined but never used               no-unused-vars
  Line 277:11:  'collectObj1' is assigned a value but never used  no-unused-vars

Search for the keywords to learn more about each warning.
To ignore, add // eslint-disable-next-line to the line before.

